<?xml version="1.0" encoding="UTF-8"?>
<!-- Generated by org.testng.reporters.JUnitReportReporter -->
<testsuite hostname="Matthews-MacBook-Pro.local" failures="0" tests="1" name="matthewhess.AppiumDemo" time="8.392" errors="0" timestamp="2024-02-12T13:07:44 PST" skipped="0">
  <testcase classname="matthewhess.AppiumDemo" name="AppiumTest" time="8.392"/>
</testsuite> <!-- matthewhess.AppiumDemo -->
