<?xml version="1.0" encoding="UTF-8"?>
<!-- Generated by org.testng.reporters.JUnitReportReporter -->
<testsuite hostname="Matthews-MacBook-Pro.local" failures="0" tests="1" name="matthewhess.AppiumStarter" time="10.616" errors="0" timestamp="2024-02-12T11:18:36 PST" skipped="0">
  <testcase classname="matthewhess.AppiumStarter" name="AppiumTest" time="10.616"/>
</testsuite> <!-- matthewhess.AppiumStarter -->
